<?xml version="1.0" encoding="UTF-8"?>
<!-- Generated by org.testng.reporters.JUnitReportReporter -->
<testsuite hostname="LAPTOP-EU631OKT" failures="0" tests="1" name="tests.TestCFLearnE2E" time="17.664" errors="0" timestamp="2025-06-06T14:05:32 ICT" skipped="0">
  <testcase classname="tests.TestCFLearnE2E" name="testLogin" time="17.664"/>
</testsuite> <!-- tests.TestCFLearnE2E -->
